# JRE version: Java(TM) SE Runtime Environment (8.0_171-b11) (build 1.8.0_171-b11)
# Java VM: Java HotSpot(TM) 64-Bit Server VM (25.171-b11 mixed mode windows-amd64 compressed oops)
Heap:
 PSYoungGen      total 132608K, used 30467K [0x00000000d7100000, 0x00000000e1f00000, 0x0000000100000000)
  eden space 121856K, 25% used [0x00000000d7100000,0x00000000d8ec0f28,0x00000000de800000)
  from space 10752K, 0% used [0x00000000e1480000,0x00000000e1480000,0x00000000e1f00000)
  to   space 10752K, 0% used [0x00000000de800000,0x00000000de800000,0x00000000df280000)
 ParOldGen       total 58880K, used 22246K [0x0000000085200000, 0x0000000088b80000, 0x00000000d7100000)
  object space 58880K, 37% used [0x0000000085200000,0x00000000867b99a8,0x0000000088b80000)
 Metaspace       used 37920K, capacity 38292K, committed 38568K, reserved 1083392K
  class space    used 4880K, capacity 4965K, committed 5032K, reserved 1048576K
GC Heap History (10 events):
Event: 1.921 GC heap before
{Heap before GC invocations=6 (full 1):
 PSYoungGen      total 68608K, used 5114K [0x00000000d7100000, 0x00000000e0200000, 0x0000000100000000)
  eden space 63488K, 0% used [0x00000000d7100000,0x00000000d7100000,0x00000000daf00000)
  from space 5120K, 99% used [0x00000000daf00000,0x00000000db3feb30,0x00000000db400000)
  to   space 10752K, 0% used [0x00000000df780000,0x00000000df780000,0x00000000e0200000)
 ParOldGen       total 84992K, used 12523K [0x0000000085200000, 0x000000008a500000, 0x00000000d7100000)
  object space 84992K, 14% used [0x0000000085200000,0x0000000085e3acc8,0x000000008a500000)
 Metaspace       used 20928K, capacity 21220K, committed 21296K, reserved 1069056K
  class space    used 2584K, capacity 2669K, committed 2688K, reserved 1048576K
Event: 1.958 GC heap after
Heap after GC invocations=6 (full 1):
 PSYoungGen      total 68608K, used 0K [0x00000000d7100000, 0x00000000e0200000, 0x0000000100000000)
  eden space 63488K, 0% used [0x00000000d7100000,0x00000000d7100000,0x00000000daf00000)
  from space 5120K, 0% used [0x00000000daf00000,0x00000000daf00000,0x00000000db400000)
  to   space 10752K, 0% used [0x00000000df780000,0x00000000df780000,0x00000000e0200000)
 ParOldGen       total 58880K, used 10883K [0x0000000085200000, 0x0000000088b80000, 0x00000000d7100000)
  object space 58880K, 18% used [0x0000000085200000,0x0000000085ca0e40,0x0000000088b80000)
 Metaspace       used 20928K, capacity 21220K, committed 21296K, reserved 1069056K
  class space    used 2584K, capacity 2669K, committed 2688K, reserved 1048576K
}
Event: 4.811 GC heap before
{Heap before GC invocations=7 (full 1):
 PSYoungGen      total 68608K, used 63488K [0x00000000d7100000, 0x00000000e0200000, 0x0000000100000000)
  eden space 63488K, 100% used [0x00000000d7100000,0x00000000daf00000,0x00000000daf00000)
  from space 5120K, 0% used [0x00000000daf00000,0x00000000daf00000,0x00000000db400000)
  to   space 10752K, 0% used [0x00000000df780000,0x00000000df780000,0x00000000e0200000)
 ParOldGen       total 58880K, used 10883K [0x0000000085200000, 0x0000000088b80000, 0x00000000d7100000)
  object space 58880K, 18% used [0x0000000085200000,0x0000000085ca0e40,0x0000000088b80000)
 Metaspace       used 24486K, capacity 24770K, committed 24960K, reserved 1071104K
  class space    used 3085K, capacity 3186K, committed 3200K, reserved 1048576K
Event: 4.816 GC heap after
Heap after GC invocations=7 (full 1):
 PSYoungGen      total 107008K, used 5346K [0x00000000d7100000, 0x00000000dfd00000, 0x0000000100000000)
  eden space 101376K, 0% used [0x00000000d7100000,0x00000000d7100000,0x00000000dd400000)
  from space 5632K, 94% used [0x00000000df780000,0x00000000dfcb8b08,0x00000000dfd00000)
  to   space 10752K, 0% used [0x00000000de800000,0x00000000de800000,0x00000000df280000)
 ParOldGen       total 58880K, used 10891K [0x0000000085200000, 0x0000000088b80000, 0x00000000d7100000)
  object space 58880K, 18% used [0x0000000085200000,0x0000000085ca2e40,0x0000000088b80000)
 Metaspace       used 24486K, capacity 24770K, committed 24960K, reserved 1071104K
  class space    used 3085K, capacity 3186K, committed 3200K, reserved 1048576K
}
Event: 5.868 GC heap before
{Heap before GC invocations=8 (full 1):
 PSYoungGen      total 107008K, used 106722K [0x00000000d7100000, 0x00000000dfd00000, 0x0000000100000000)
  eden space 101376K, 100% used [0x00000000d7100000,0x00000000dd400000,0x00000000dd400000)
  from space 5632K, 94% used [0x00000000df780000,0x00000000dfcb8b08,0x00000000dfd00000)
  to   space 10752K, 0% used [0x00000000de800000,0x00000000de800000,0x00000000df280000)
 ParOldGen       total 58880K, used 10891K [0x0000000085200000, 0x0000000088b80000, 0x00000000d7100000)
  object space 58880K, 18% used [0x0000000085200000,0x0000000085ca2e40,0x0000000088b80000)
 Metaspace       used 28584K, capacity 28964K, committed 29312K, reserved 1075200K
  class space    used 3569K, capacity 3677K, committed 3712K, reserved 1048576K
Event: 5.875 GC heap after
Heap after GC invocations=8 (full 1):
 PSYoungGen      total 132608K, used 8008K [0x00000000d7100000, 0x00000000e1f00000, 0x0000000100000000)
  eden space 121856K, 0% used [0x00000000d7100000,0x00000000d7100000,0x00000000de800000)
  from space 10752K, 74% used [0x00000000de800000,0x00000000defd22f0,0x00000000df280000)
  to   space 10752K, 0% used [0x00000000e1480000,0x00000000e1480000,0x00000000e1f00000)
 ParOldGen       total 58880K, used 10899K [0x0000000085200000, 0x0000000088b80000, 0x00000000d7100000)
  object space 58880K, 18% used [0x0000000085200000,0x0000000085ca4e40,0x0000000088b80000)
 Metaspace       used 28584K, capacity 28964K, committed 29312K, reserved 1075200K
  class space    used 3569K, capacity 3677K, committed 3712K, reserved 1048576K
}
Event: 6.700 GC heap before
{Heap before GC invocations=9 (full 1):
 PSYoungGen      total 132608K, used 102564K [0x00000000d7100000, 0x00000000e1f00000, 0x0000000100000000)
  eden space 121856K, 77% used [0x00000000d7100000,0x00000000dcd57018,0x00000000de800000)
  from space 10752K, 74% used [0x00000000de800000,0x00000000defd22f0,0x00000000df280000)
  to   space 10752K, 0% used [0x00000000e1480000,0x00000000e1480000,0x00000000e1f00000)
 ParOldGen       total 58880K, used 10899K [0x0000000085200000, 0x0000000088b80000, 0x00000000d7100000)
  object space 58880K, 18% used [0x0000000085200000,0x0000000085ca4e40,0x0000000088b80000)
 Metaspace       used 35002K, capacity 35348K, committed 35496K, reserved 1081344K
  class space    used 4443K, capacity 4517K, committed 4520K, reserved 1048576K
Event: 6.710 GC heap after
Heap after GC invocations=9 (full 1):
 PSYoungGen      total 132608K, used 10737K [0x00000000d7100000, 0x00000000e1f00000, 0x0000000100000000)
  eden space 121856K, 0% used [0x00000000d7100000,0x00000000d7100000,0x00000000de800000)
  from space 10752K, 99% used [0x00000000e1480000,0x00000000e1efc490,0x00000000e1f00000)
  to   space 10752K, 0% used [0x00000000de800000,0x00000000de800000,0x00000000df280000)
 ParOldGen       total 58880K, used 13631K [0x0000000085200000, 0x0000000088b80000, 0x00000000d7100000)
  object space 58880K, 23% used [0x0000000085200000,0x0000000085f4fce8,0x0000000088b80000)
 Metaspace       used 35002K, capacity 35348K, committed 35496K, reserved 1081344K
  class space    used 4443K, capacity 4517K, committed 4520K, reserved 1048576K
}
Event: 6.710 GC heap before
{Heap before GC invocations=10 (full 2):
 PSYoungGen      total 132608K, used 10737K [0x00000000d7100000, 0x00000000e1f00000, 0x0000000100000000)
  eden space 121856K, 0% used [0x00000000d7100000,0x00000000d7100000,0x00000000de800000)
  from space 10752K, 99% used [0x00000000e1480000,0x00000000e1efc490,0x00000000e1f00000)
  to   space 10752K, 0% used [0x00000000de800000,0x00000000de800000,0x00000000df280000)
 ParOldGen       total 58880K, used 13631K [0x0000000085200000, 0x0000000088b80000, 0x00000000d7100000)
  object space 58880K, 23% used [0x0000000085200000,0x0000000085f4fce8,0x0000000088b80000)
 Metaspace       used 35002K, capacity 35348K, committed 35496K, reserved 1081344K
  class space    used 4443K, capacity 4517K, committed 4520K, reserved 1048576K
Event: 6.759 GC heap after
Heap after GC invocations=10 (full 2):
 PSYoungGen      total 132608K, used 0K [0x00000000d7100000, 0x00000000e1f00000, 0x0000000100000000)
  eden space 121856K, 0% used [0x00000000d7100000,0x00000000d7100000,0x00000000de800000)
  from space 10752K, 0% used [0x00000000e1480000,0x00000000e1480000,0x00000000e1f00000)
  to   space 10752K, 0% used [0x00000000de800000,0x00000000de800000,0x00000000df280000)
 ParOldGen       total 58880K, used 22246K [0x0000000085200000, 0x0000000088b80000, 0x00000000d7100000)
  object space 58880K, 37% used [0x0000000085200000,0x00000000867b99a8,0x0000000088b80000)
 Metaspace       used 35002K, capacity 35348K, committed 35496K, reserved 1081344K
  class space    used 4443K, capacity 4517K, committed 4520K, reserved 1048576K
}

